Using pre-set license
Built from '2020.2/staging' branch; Version is '2020.2.7f1 (c53830e277f1) revision 12924976'; Using compiler version '192528614'; Build Type 'Release'
OS: 'Windows 10 Pro; OS build 19042.985; Version 2009; 64bit' Language: 'tr' Physical Memory: 12149 MB
BatchMode: 1, IsHumanControllingUs: 0, StartBugReporterOnCrash: 0, Is64bit: 1, IsPro: 0

 COMMAND LINE ARGUMENTS:
E:\Unity\2020.2.7f1\Editor\Unity.exe
-adb2
-batchMode
-noUpm
-name
AssetImportWorker0
-projectPath
D:/TEZ/BackUp
-logFile
Logs/AssetImportWorker0.log
-srvPort
49581
Successfully changed project path to: D:/TEZ/BackUp
D:/TEZ/BackUp
Using Asset Import Pipeline V2.
Refreshing native plugins compatible for Editor in 78.57 ms, found 0 plugins.
Preloading 0 native plugins for Editor in 0.00 ms.
Initialize engine version: 2020.2.7f1 (c53830e277f1)
[Subsystems] Discovering subsystems at path E:/Unity/2020.2.7f1/Editor/Data/Resources/UnitySubsystems
[Subsystems] Discovering subsystems at path D:/TEZ/BackUp/Assets
GfxDevice: creating device client; threaded=0
Direct3D:
    Version:  Direct3D 11.0 [level 11.0]
    Renderer: NVIDIA GeForce 940MX (ID=0x134d)
    Vendor:   
    VRAM:     2010 MB
    Driver:   24.21.13.9924
Initialize mono
Mono path[0] = 'E:/Unity/2020.2.7f1/Editor/Data/Managed'
Mono path[1] = 'E:/Unity/2020.2.7f1/Editor/Data/MonoBleedingEdge/lib/mono/unityjit'
Mono config path = 'E:/Unity/2020.2.7f1/Editor/Data/MonoBleedingEdge/etc'
Using monoOptions --debugger-agent=transport=dt_socket,embedding=1,server=y,suspend=n,address=127.0.0.1:56832
Begin MonoManager ReloadAssembly
Registering precompiled unity dll's ...
Register platform support module: E:/Unity/2020.2.7f1/Editor/Data/PlaybackEngines/WindowsStandaloneSupport/UnityEditor.WindowsStandalone.Extensions.dll
Registered in 0.002035 seconds.
Native extension for WindowsStandalone target not found
Refreshing native plugins compatible for Editor in 73.72 ms, found 0 plugins.
Preloading 0 native plugins for Editor in 0.00 ms.
Invoked RoslynAnalysisRunner static constructor.
RoslynAnalysisRunner will not be running.
RoslynAnalysisRunner has terminated.
Mono: successfully reloaded assembly
- Completed reload, in  3.261 seconds
Platform modules already initialized, skipping
Registering precompiled user dll's ...
Registered in 0.001988 seconds.
Begin MonoManager ReloadAssembly
Native extension for WindowsStandalone target not found
Refreshing native plugins compatible for Editor in 0.55 ms, found 0 plugins.
Preloading 0 native plugins for Editor in 0.00 ms.
Invoked RoslynAnalysisRunner static constructor.
RoslynAnalysisRunner will not be running.
RoslynAnalysisRunner has terminated.
Mono: successfully reloaded assembly
- Completed reload, in  1.572 seconds
Platform modules already initialized, skipping
========================================================================
Worker process is ready to serve import requests
Launched and connected shader compiler UnityShaderCompiler.exe after 0.11 seconds
Refreshing native plugins compatible for Editor in 0.55 ms, found 0 plugins.
Preloading 0 native plugins for Editor in 0.00 ms.
Unloading 1155 Unused Serialized files (Serialized files now loaded: 0)
System memory in use before: 59.4 MB.
System memory in use after: 59.5 MB.

Unloading 12 unused Assets to reduce memory usage. Loaded Objects now: 1600.
Total: 2.984400 ms (FindLiveObjects: 0.423100 ms CreateObjectMapping: 0.207300 ms MarkObjects: 2.242100 ms  DeleteObjects: 0.110400 ms)

========================================================================
Received Import Request.
  path: Assets/Son/Winter Twilight 1.ttf
  artifactKey: Guid(f7fb913fd70bd4d4aadd9fc69d15b5d4) Importer(815301076,1909f56bfc062723c751e8b465ee728b)
Start importing Assets/Son/Winter Twilight 1.ttf using Guid(f7fb913fd70bd4d4aadd9fc69d15b5d4) Importer(815301076,1909f56bfc062723c751e8b465ee728b)  -> (artifact id: '3ec4a8649680967779565c2173ea646c') in 0.366318 seconds
  Import took 0.371418 seconds .

========================================================================
Received Import Request.
  Time since last request: 0.000426 seconds.
  path: Assets/Son/Scenes/MainMenu.unity
  artifactKey: Guid(afcbc70315a401940a2c5507ce132dac) Importer(815301076,1909f56bfc062723c751e8b465ee728b)
Start importing Assets/Son/Scenes/MainMenu.unity using Guid(afcbc70315a401940a2c5507ce132dac) Importer(815301076,1909f56bfc062723c751e8b465ee728b)  -> (artifact id: '4172d45546d589915044901d2e4fb513') in 0.018447 seconds
  Import took 0.024397 seconds .

========================================================================
Received Import Request.
  Time since last request: 0.000409 seconds.
  path: Assets/Son
  artifactKey: Guid(1f96641a27395ef4181dfbf183936d55) Importer(815301076,1909f56bfc062723c751e8b465ee728b)
Start importing Assets/Son using Guid(1f96641a27395ef4181dfbf183936d55) Importer(815301076,1909f56bfc062723c751e8b465ee728b)  -> (artifact id: 'de95e67a730843c4710bc7cc500cc1cd') in 0.020978 seconds
  Import took 0.029759 seconds .

========================================================================
Received Import Request.
  Time since last request: 0.000542 seconds.
  path: Assets/Son/Scenes
  artifactKey: Guid(fc561f19565e1894bad625416891a715) Importer(815301076,1909f56bfc062723c751e8b465ee728b)
Start importing Assets/Son/Scenes using Guid(fc561f19565e1894bad625416891a715) Importer(815301076,1909f56bfc062723c751e8b465ee728b)  -> (artifact id: '02d777765ea8542a8b5e4492f54812a4') in 0.036419 seconds
  Import took 0.042551 seconds .

========================================================================
Received Prepare
Registering precompiled user dll's ...
Registered in 0.004371 seconds.
Begin MonoManager ReloadAssembly
Native extension for WindowsStandalone target not found
Refreshing native plugins compatible for Editor in 1.28 ms, found 0 plugins.
Preloading 0 native plugins for Editor in 0.00 ms.
Invoked RoslynAnalysisRunner static constructor.
RoslynAnalysisRunner will not be running.
RoslynAnalysisRunner has terminated.
Mono: successfully reloaded assembly
- Completed reload, in 10.085 seconds
Platform modules already initialized, skipping
Refreshing native plugins compatible for Editor in 0.96 ms, found 0 plugins.
Preloading 0 native plugins for Editor in 0.00 ms.
Unloading 1150 Unused Serialized files (Serialized files now loaded: 0)
System memory in use before: 62.9 MB.
System memory in use after: 63.0 MB.

Unloading 7 unused Assets to reduce memory usage. Loaded Objects now: 1647.
Total: 6.850700 ms (FindLiveObjects: 0.317800 ms CreateObjectMapping: 0.062600 ms MarkObjects: 6.365100 ms  DeleteObjects: 0.094900 ms)

========================================================================
Received Import Request.
  Time since last request: 128.040208 seconds.
  path: Assets/Son/Scenes/TrAlfabe.unity
  artifactKey: Guid(dafdfc3bc40f7d64c827ff148947c990) Importer(815301076,1909f56bfc062723c751e8b465ee728b)
Start importing Assets/Son/Scenes/TrAlfabe.unity using Guid(dafdfc3bc40f7d64c827ff148947c990) Importer(815301076,1909f56bfc062723c751e8b465ee728b)  -> (artifact id: 'ee2d3e950265e78208703f67cace2864') in 0.049996 seconds
  Import took 0.053924 seconds .

========================================================================
Received Prepare
Registering precompiled user dll's ...
Registered in 0.002786 seconds.
Begin MonoManager ReloadAssembly
Native extension for WindowsStandalone target not found
Refreshing native plugins compatible for Editor in 0.91 ms, found 0 plugins.
Preloading 0 native plugins for Editor in 0.00 ms.
Invoked RoslynAnalysisRunner static constructor.
RoslynAnalysisRunner will not be running.
RoslynAnalysisRunner has terminated.
Mono: successfully reloaded assembly
- Completed reload, in  3.537 seconds
Platform modules already initialized, skipping
Refreshing native plugins compatible for Editor in 6.50 ms, found 0 plugins.
Preloading 0 native plugins for Editor in 0.00 ms.
Unloading 1150 Unused Serialized files (Serialized files now loaded: 0)
System memory in use before: 62.9 MB.
System memory in use after: 63.0 MB.

Unloading 7 unused Assets to reduce memory usage. Loaded Objects now: 1650.
Total: 5.371100 ms (FindLiveObjects: 0.284200 ms CreateObjectMapping: 0.090200 ms MarkObjects: 4.922400 ms  DeleteObjects: 0.070600 ms)

========================================================================
Received Import Request.
  Time since last request: 338.279225 seconds.
  path: Assets/Son/Scenes/Son.unity
  artifactKey: Guid(a2527c0cd11422745aa7305a7aebd3b5) Importer(815301076,1909f56bfc062723c751e8b465ee728b)
Start importing Assets/Son/Scenes/Son.unity using Guid(a2527c0cd11422745aa7305a7aebd3b5) Importer(815301076,1909f56bfc062723c751e8b465ee728b)  -> (artifact id: '1efb904d3efc1a225c817dccc97ea44a') in 0.061130 seconds
  Import took 0.070620 seconds .

========================================================================
Received Prepare
Registering precompiled user dll's ...
Registered in 0.002513 seconds.
Begin MonoManager ReloadAssembly
Native extension for WindowsStandalone target not found
Refreshing native plugins compatible for Editor in 0.92 ms, found 0 plugins.
Preloading 0 native plugins for Editor in 0.00 ms.
Invoked RoslynAnalysisRunner static constructor.
RoslynAnalysisRunner will not be running.
RoslynAnalysisRunner has terminated.
Mono: successfully reloaded assembly
- Completed reload, in  1.841 seconds
Platform modules already initialized, skipping
Refreshing native plugins compatible for Editor in 0.90 ms, found 0 plugins.
Preloading 0 native plugins for Editor in 0.00 ms.
Unloading 1150 Unused Serialized files (Serialized files now loaded: 0)
System memory in use before: 62.9 MB.
System memory in use after: 63.0 MB.

Unloading 7 unused Assets to reduce memory usage. Loaded Objects now: 1653.
Total: 2.480300 ms (FindLiveObjects: 0.222900 ms CreateObjectMapping: 0.057000 ms MarkObjects: 2.123300 ms  DeleteObjects: 0.075100 ms)

========================================================================
Received Import Request.
  Time since last request: 7.069168 seconds.
  path: Assets/Son/Scenes/SonTr.unity
  artifactKey: Guid(ba866f4ec26226348b036fc69f88f3c8) Importer(815301076,1909f56bfc062723c751e8b465ee728b)
Start importing Assets/Son/Scenes/SonTr.unity using Guid(ba866f4ec26226348b036fc69f88f3c8) Importer(815301076,1909f56bfc062723c751e8b465ee728b)  -> (artifact id: '434bd7c681bf0946b299ad7066894f97') in 0.030857 seconds
  Import took 0.036036 seconds .

AssetImportWorkerClient::OnTransportError - code=2 error=End of file
